#
# A fatal error has been detected by the Java Runtime Environment:
#
#  EXCEPTION_ACCESS_VIOLATION (0xc0000005) at pc=0x5ea9d1e6, pid=9716, tid=9740
#
# JRE version: Java(TM) SE Runtime Environment (7.0_79-b15) (build 1.7.0_79-b15)
# Java VM: Java HotSpot(TM) Client VM (24.79-b02 mixed mode, sharing windows-x86 )
# Problematic frame:
# C  [sapi.dll+0xad1e6]
#
# Failed to write core dump. Minidumps are not enabled by default on client versions of Windows
#
# If you would like to submit a bug report, please visit:
#   http://bugreport.java.com/bugreport/crash.jsp
# The crash happened outside the Java Virtual Machine in native code.
# See problematic frame for where to report the bug.
#

---------------  T H R E A D  ---------------

Current thread (0x04d20000):  JavaThread "Thread-0" [_thread_in_native, id=9740, stack(0x04910000,0x04960000)]

siginfo: ExceptionCode=0xc0000005, reading address 0x00000000

Registers:
EAX=0x058a1d44, EBX=0x0578cf80, ECX=0x0035e638, EDX=0x00000000
ESP=0x0495f2f0, EBP=0x0495f2fc, ESI=0x00000000, EDI=0x5e9f8a8c
EIP=0x5ea9d1e6, EFLAGS=0x00010246

Top of Stack: (sp=0x0495f2f0)
0x0495f2f0:   0578cf80 058a1d10 0495f354 0495f31c
0x0495f300:   5ea9d285 00000000 058a1d44 00000000
0x0495f310:   0576eb68 0576e908 058a1d10 0495f348
0x0495f320:   5ea97c15 00000000 00000000 0495f354
0x0495f330:   00000009 0576e908 0576ef68 0576ea98
0x0495f340:   0576e938 00000000 0495f36c 5ea98172
0x0495f350:   00000000 00000000 00000000 00000000
0x0495f360:   04d20000 37236578 37236578 0495f388 

Instructions: (pc=0x5ea9d1e6)
0x5ea9d1c6:   6a 04 59 bf 7c 8a 9f 5e 8b f0 33 d2 f3 a7 74 07
0x5ea9d1d6:   8b c8 e8 11 6d f6 ff 8b 45 0c 8b 48 10 8b 75 08
0x5ea9d1e6:   8b 3e 8d 53 14 52 8d 53 04 52 51 50 56 ff 57 10
0x5ea9d1f6:   8b f8 85 ff 7c 0e 56 8b cb e8 ec c4 00 00 8a 45 


Register to memory mapping:

EAX=0x058a1d44 is an unknown value
EBX=0x0578cf80 is an unknown value
ECX=0x0035e638 is an unknown value
EDX=0x00000000 is an unknown value
ESP=0x0495f2f0 is pointing into the stack for thread: 0x04d20000
EBP=0x0495f2fc is pointing into the stack for thread: 0x04d20000
ESI=0x00000000 is an unknown value
EDI=0x5e9f8a8c is an unknown value


Stack: [0x04910000,0x04960000],  sp=0x0495f2f0,  free space=316k
Native frames: (J=compiled Java code, j=interpreted, Vv=VM code, C=native code)
C  [sapi.dll+0xad1e6]
C  [sapi.dll+0xad285]
C  [sapi.dll+0xa7c15]
C  [sapi.dll+0xa8172]
C  [Speak.dll+0x1201]
j  com.xiuye.speech.Speak.speak(Ljava/lang/String;)V+0
j  com.xiuye.speech.Speech.speak(Ljava/lang/String;)V+2
j  com.xiuye.speech.tts.TTS.speakOnce(Ljava/lang/String;)V+14
j  com.xiuye.speech.tts.TTSHelper.speakOnce(Ljava/lang/String;)V+1
j  com.pfm.test.TTSTest$1.run()V+2
v  ~StubRoutines::call_stub
V  [jvm.dll+0x14234a]
V  [jvm.dll+0x206ebe]
V  [jvm.dll+0x142515]
V  [jvm.dll+0x142577]
V  [jvm.dll+0xed3df]
V  [jvm.dll+0x1636ec]
V  [jvm.dll+0x164147]
V  [jvm.dll+0x1a8d99]
C  [msvcr100.dll+0x5c556]
C  [msvcr100.dll+0x5c600]
C  [kernel32.dll+0x133aa]
C  [ntdll.dll+0x39f72]
C  [ntdll.dll+0x39f45]

Java frames: (J=compiled Java code, j=interpreted, Vv=VM code)
j  com.xiuye.speech.Speak.speak(Ljava/lang/String;)V+0
j  com.xiuye.speech.Speech.speak(Ljava/lang/String;)V+2
j  com.xiuye.speech.tts.TTS.speakOnce(Ljava/lang/String;)V+14
j  com.xiuye.speech.tts.TTSHelper.speakOnce(Ljava/lang/String;)V+1
j  com.pfm.test.TTSTest$1.run()V+2
v  ~StubRoutines::call_stub

---------------  P R O C E S S  ---------------

Java Threads: ( => current thread )
  0x02493000 JavaThread "DestroyJavaVM" [_thread_blocked, id=7332, stack(0x025e0000,0x02630000)]
  0x04d23800 JavaThread "Thread-1" [_thread_in_native, id=9688, stack(0x05130000,0x05180000)]
=>0x04d20000 JavaThread "Thread-0" [_thread_in_native, id=9740, stack(0x04910000,0x04960000)]
  0x02540c00 JavaThread "Service Thread" daemon [_thread_blocked, id=6904, stack(0x02570000,0x025c0000)]
  0x0253bc00 JavaThread "C1 CompilerThread0" daemon [_thread_blocked, id=9704, stack(0x04bc0000,0x04c10000)]
  0x0253a800 JavaThread "Attach Listener" daemon [_thread_blocked, id=6424, stack(0x00c80000,0x00cd0000)]
  0x02555800 JavaThread "Signal Dispatcher" daemon [_thread_blocked, id=4140, stack(0x04af0000,0x04b40000)]
  0x024b7400 JavaThread "Finalizer" daemon [_thread_blocked, id=4916, stack(0x04810000,0x04860000)]
  0x024b5c00 JavaThread "Reference Handler" daemon [_thread_blocked, id=7520, stack(0x04770000,0x047c0000)]

Other Threads:
  0x024b4000 VMThread [stack: 0x04870000,0x048c0000] [id=5176]
  0x04c98400 WatcherThread [stack: 0x04fc0000,0x05010000] [id=9692]

VM state:not at safepoint (normal execution)

VM Mutex/Monitor currently owned by a thread: None

Heap
 def new generation   total 4928K, used 3784K [0x27200000, 0x27750000, 0x2c750000)
  eden space 4416K,  85% used [0x27200000, 0x275b2138, 0x27650000)
  from space 512K,   0% used [0x27650000, 0x27650000, 0x276d0000)
  to   space 512K,   0% used [0x276d0000, 0x276d0000, 0x27750000)
 tenured generation   total 10944K, used 0K [0x2c750000, 0x2d200000, 0x37200000)
   the space 10944K,   0% used [0x2c750000, 0x2c750000, 0x2c750200, 0x2d200000)
 compacting perm gen  total 12288K, used 244K [0x37200000, 0x37e00000, 0x3b200000)
   the space 12288K,   1% used [0x37200000, 0x3723d0c8, 0x3723d200, 0x37e00000)
    ro space 10240K,  44% used [0x3b200000, 0x3b67c1d8, 0x3b67c200, 0x3bc00000)
    rw space 12288K,  52% used [0x3bc00000, 0x3c2440c0, 0x3c244200, 0x3c800000)

Card table byte_map: [0x04630000,0x046e0000] byte_map_base: 0x044f7000

Polling page: 0x00250000

Code Cache  [0x02630000, 0x026e0000, 0x04630000)
 total_blobs=178 nmethods=45 adapters=70 free_code_cache=32068Kb largest_free_block=32838592

Compilation events (10 events):
Event: 0.388 Thread 0x0253bc00   41             java.lang.String::toUpperCase (439 bytes)
Event: 0.388 Thread 0x0253bc00 nmethod 41 0x026dc748 code [0x026dc950, 0x026dd160]
Event: 0.389 Thread 0x0253bc00   42             java.lang.Character::toUpperCaseEx (30 bytes)
Event: 0.389 Thread 0x0253bc00 nmethod 42 0x026ddbc8 code [0x026ddcd0, 0x026ddd78]
Event: 0.389 Thread 0x0253bc00   43             java.lang.CharacterDataLatin1::toUpperCaseEx (71 bytes)
Event: 0.389 Thread 0x0253bc00 nmethod 43 0x026dde08 code [0x026ddf00, 0x026de000]
Event: 0.393 Thread 0x0253bc00   44             java.util.HashMap::getEntry (86 bytes)
Event: 0.393 Thread 0x0253bc00 nmethod 44 0x026de108 code [0x026de230, 0x026de3b8]
Event: 0.395 Thread 0x0253bc00   45             java.lang.String::toCharArray (25 bytes)
Event: 0.395 Thread 0x0253bc00 nmethod 45 0x026de908 code [0x026dea10, 0x026deb7c]

GC Heap History (0 events):
No events

Deoptimization events (0 events):
No events

Internal exceptions (10 events):
Event: 0.388 Thread 0x04d23800 Threw 0x273be890 at C:\re\jdk7u79\2331\hotspot\src\share\vm\prims\jvm.cpp:1304
Event: 0.389 Thread 0x04d23800 Threw 0x273c84e8 at C:\re\jdk7u79\2331\hotspot\src\share\vm\prims\jvm.cpp:1304
Event: 0.390 Thread 0x04d23800 Threw 0x273d01b8 at C:\re\jdk7u79\2331\hotspot\src\share\vm\prims\jvm.cpp:1304
Event: 0.390 Thread 0x04d23800 Threw 0x27546590 at C:\re\jdk7u79\2331\hotspot\src\share\vm\prims\jvm.cpp:1304
Event: 0.391 Thread 0x04d23800 Threw 0x2754e828 at C:\re\jdk7u79\2331\hotspot\src\share\vm\prims\jvm.cpp:1304
Event: 0.391 Thread 0x04d23800 Threw 0x275573d8 at C:\re\jdk7u79\2331\hotspot\src\share\vm\prims\jvm.cpp:1304
Event: 0.392 Thread 0x04d23800 Threw 0x27560b80 at C:\re\jdk7u79\2331\hotspot\src\share\vm\prims\jvm.cpp:1304
Event: 0.393 Thread 0x04d23800 Threw 0x27569bd0 at C:\re\jdk7u79\2331\hotspot\src\share\vm\prims\jvm.cpp:1304
Event: 0.394 Thread 0x04d23800 Threw 0x27574860 at C:\re\jdk7u79\2331\hotspot\src\share\vm\prims\jvm.cpp:1304
Event: 0.395 Thread 0x05288c00 Threw 0x27586638 at C:\re\jdk7u79\2331\hotspot\src\share\vm\prims\jvm.cpp:1304

Events (10 events):
Event: 0.394 Thread 0x05288c00 Thread added: 0x05288c00
Event: 0.395 loading class 0x3c844260
Event: 0.395 loading class 0x3c844260 done
Event: 0.395 loading class 0x0529ed60
Event: 0.395 loading class 0x0529ed60 done
Event: 0.395 Thread 0x05288c00 Thread exited: 0x05288c00
Event: 0.395 loading class 0x3c80b088
Event: 0.396 loading class 0x3c80b088 done
Event: 4.354 Executing VM operation: EnableBiasedLocking
Event: 4.354 Executing VM operation: EnableBiasedLocking done


Dynamic libraries:
0x00d70000 - 0x00d9f000 	F:\360Apps\Java\jdk1.7.0_79\bin\javaw.exe
0x77bb0000 - 0x77d30000 	C:\Windows\SysWOW64\ntdll.dll
0x75200000 - 0x75310000 	C:\Windows\syswow64\kernel32.dll
0x762d0000 - 0x76317000 	C:\Windows\syswow64\KERNELBASE.dll
0x75310000 - 0x753b0000 	C:\Windows\syswow64\ADVAPI32.DLL
0x76320000 - 0x763cc000 	C:\Windows\syswow64\msvcrt.dll
0x76120000 - 0x76139000 	C:\Windows\SysWOW64\sechost.dll
0x75110000 - 0x75200000 	C:\Windows\syswow64\RPCRT4.dll
0x750b0000 - 0x75110000 	C:\Windows\syswow64\SspiCli.dll
0x750a0000 - 0x750ac000 	C:\Windows\syswow64\CRYPTBASE.dll
0x76160000 - 0x76260000 	C:\Windows\syswow64\USER32.dll
0x772b0000 - 0x77340000 	C:\Windows\syswow64\GDI32.dll
0x76140000 - 0x7614a000 	C:\Windows\syswow64\LPK.dll
0x75770000 - 0x7580d000 	C:\Windows\syswow64\USP10.dll
0x72060000 - 0x721fe000 	C:\Windows\WinSxS\x86_microsoft.windows.common-controls_6595b64144ccf1df_6.0.7601.17514_none_41e6975e2bd6f2b2\COMCTL32.dll
0x77470000 - 0x774c7000 	C:\Windows\syswow64\SHLWAPI.dll
0x75b60000 - 0x75bc0000 	C:\Windows\system32\IMM32.DLL
0x756a0000 - 0x7576c000 	C:\Windows\syswow64\MSCTF.dll
0x71dc0000 - 0x71deb000 	C:\Windows\SysWOW64\nvinit.dll
0x72e90000 - 0x72e99000 	C:\Windows\system32\VERSION.dll
0x0f000000 - 0x0f006000 	C:\Program Files (x86)\NVIDIA Corporation\CoProcManager\detoured.dll
0x741c0000 - 0x741e9000 	C:\Program Files (x86)\NVIDIA Corporation\CoProcManager\nvd3d9wrap.dll
0x774d0000 - 0x7766d000 	C:\Windows\syswow64\SETUPAPI.dll
0x75980000 - 0x759a7000 	C:\Windows\syswow64\CFGMGR32.dll
0x77360000 - 0x773ef000 	C:\Windows\syswow64\OLEAUT32.dll
0x75a00000 - 0x75b5c000 	C:\Windows\syswow64\ole32.dll
0x75fc0000 - 0x75fd2000 	C:\Windows\syswow64\DEVOBJ.dll
0x741a0000 - 0x741be000 	C:\Program Files (x86)\NVIDIA Corporation\CoProcManager\nvdxgiwrap.dll
0x5eb20000 - 0x5ebdf000 	F:\360Apps\Java\jdk1.7.0_79\jre\bin\msvcr100.dll
0x59440000 - 0x597c9000 	F:\360Apps\Java\jdk1.7.0_79\jre\bin\client\jvm.dll
0x6f890000 - 0x6f897000 	C:\Windows\system32\WSOCK32.dll
0x75ef0000 - 0x75f25000 	C:\Windows\syswow64\WS2_32.dll
0x762c0000 - 0x762c6000 	C:\Windows\syswow64\NSI.dll
0x759c0000 - 0x759f2000 	C:\Windows\syswow64\WINMM.dll
0x75690000 - 0x75695000 	C:\Windows\syswow64\PSAPI.DLL
0x66f70000 - 0x66f7c000 	F:\360Apps\Java\jdk1.7.0_79\jre\bin\verify.dll
0x60a20000 - 0x60a40000 	F:\360Apps\Java\jdk1.7.0_79\jre\bin\java.dll
0x60a40000 - 0x60a53000 	F:\360Apps\Java\jdk1.7.0_79\jre\bin\zip.dll
0x5f220000 - 0x5f24b000 	F:\360Apps\Java\eclipse\Speak.dll
0x74120000 - 0x741a0000 	C:\Windows\system32\uxtheme.dll
0x75600000 - 0x75683000 	C:\Windows\syswow64\CLBCatQ.DLL
0x5e9f0000 - 0x5eb1a000 	C:\Windows\System32\Speech\Common\sapi.dll
0x67140000 - 0x67154000 	C:\Windows\system32\MSACM32.dll
0x6a3d0000 - 0x6a3db000 	C:\Windows\system32\msdmo.dll
0x6aad0000 - 0x6ab09000 	C:\Windows\System32\MMDevApi.dll
0x72290000 - 0x72385000 	C:\Windows\System32\PROPSYS.dll
0x76290000 - 0x762a3000 	C:\Windows\syswow64\dwmapi.dll
0x5f0b0000 - 0x5f0d8000 	C:\Program Files (x86)\Common Files\SpeechEngines\Microsoft\TTS20\MSTTSEngine.dll
0x5eed0000 - 0x5ef7d000 	C:\Program Files (x86)\Common Files\SpeechEngines\Microsoft\TTS20\zh-CHS\MSTTSFrontendCHS.dll
0x66f60000 - 0x66f6b000 	C:\Program Files (x86)\Common Files\SpeechEngines\Microsoft\TTS20\MSTTSCommon.dll
0x72f20000 - 0x72f25000 	C:\Windows\system32\SHFOLDER.dll
0x76400000 - 0x7704a000 	C:\Windows\syswow64\SHELL32.dll
0x755a0000 - 0x755ab000 	C:\Windows\syswow64\profapi.dll
0x741f0000 - 0x74211000 	C:\Windows\system32\ntmarta.dll
0x755b0000 - 0x755f5000 	C:\Windows\syswow64\WLDAP32.dll
0x71480000 - 0x71496000 	C:\Windows\system32\CRYPTSP.dll
0x71440000 - 0x7147b000 	C:\Windows\system32\rsaenh.dll
0x72aa0000 - 0x72aae000 	C:\Windows\system32\RpcRtRemote.dll
0x66eb0000 - 0x66f0f000 	C:\Windows\system32\SXS.DLL
0x67180000 - 0x671b0000 	C:\Windows\system32\wdmaud.drv
0x738a0000 - 0x738a4000 	C:\Windows\system32\ksuser.dll
0x67170000 - 0x67177000 	C:\Windows\system32\AVRT.dll
0x6ab70000 - 0x6aba6000 	C:\Windows\system32\AUDIOSES.DLL
0x67160000 - 0x67168000 	C:\Windows\system32\msacm32.drv
0x67130000 - 0x67137000 	C:\Windows\system32\midimap.dll
0x72e80000 - 0x72e8d000 	C:\Windows\system32\wtsapi32.dll
0x72ab0000 - 0x72ad9000 	C:\Windows\system32\WINSTA.dll
0x715f0000 - 0x716db000 	C:\Windows\system32\dbghelp.dll

VM Arguments:
jvm_args: -Dfile.encoding=UTF-8 
java_command: com.pfm.test.TTSTest
Launcher Type: SUN_STANDARD

Environment Variables:
JAVA_HOME=F:\360Apps\Java\jdk1.8.0_102
CLASSPATH=.
PATH=F:/360Apps/Java/jdk1.8.0_102/bin/../jre/bin/client;F:/360Apps/Java/jdk1.8.0_102/bin/../jre/bin;F:/360Apps/Java/jdk1.8.0_102/bin/../jre/lib/i386;E:\CUDADEV\Toolkit\bin;E:\CUDADEV\Toolkit\libnvvp;F:\360Apps\app\Administrator\product\11.2.0\dbhome_1\bin;C:\Program Files (x86)\Intel\iCLS Client\;C:\Program Files\Intel\iCLS Client\;C:\Windows\system32;C:\Windows;C:\Windows\System32\Wbem;C:\Windows\System32\WindowsPowerShell\v1.0\;C:\Program Files\Intel\Intel(R) Management Engine Components\DAL;C:\Program Files\Intel\Intel(R) Management Engine Components\IPT;C:\Program Files (x86)\Intel\Intel(R) Management Engine Components\DAL;C:\Program Files (x86)\Intel\Intel(R) Management Engine Components\IPT;C:\Program Files (x86)\Windows Kits\8.1\Windows Performance Toolkit\;F:\360Apps\Java\jdk1.8.0_77\bin;F:\360Apps\vs2013\VC\bin;E:\intelcprimeplus\Composer XE 2015\bin\ia32;C:\Program Files (x86)\Microsoft SDKs\Windows\v7.1A\bin;F:\360Apps\Microsoft VS Code;F:\360Apps\Vim\vim74;F:\360Apps\Python;F:\360Apps\Mysql\MySQL Server 5.6\bin;E:\TDMG32\bin;F:\360Apps\nodejs;E:\intelcprimeplus\ComposerXE-2011\bin\ia32;C:\Windows\Microsoft.NET\Framework\v4.0.30319;F:\360Apps\Android\android-ndk-r10e;E:\Qt\Qt5.6.0MSVC\5.6\msvc2013\bin;F:\360Apps\vs2013\VC\Debuggers;F:\360Apps\svn\bin;F:\360Apps\SWFTools;F:\360Apps\GtkSharp\2.12\bin;F:\360Apps\Microsoft DirectX SDK (June 2010)\Utilities\bin\x86;F:\360Apps\OpenCV3.0.0\opencv\build\x86\vc12\bin;F:\360Apps\CMake\bin;C:\Program Files (x86)\NVIDIA Corporation\PhysX\Common;F:\360Apps\go\bin;F:\360Apps\Java\jdk1.8.0_102\bin;E:\Cocos\Cocos2d-x\cocos2d-x-3.10\templates;E:\Cocos\Cocos2d-x\cocos2d-x-3.10\tools\cocos2d-console\bin;F:\360Apps\Android\android-ndk-r10e;F:\360Apps\Java\apache-ant-1.9.4\bin;F:\360Apps\Android\android-sdk\platform-tools;F:\360Apps\Android\android-sdk\tools;F:\360Apps\Android\android-sdk\build-tools\21.1.1;E:\LLVM\bin;F:\360Apps\Java\eclipse;
USERNAME=Administrator
OS=Windows_NT
PROCESSOR_IDENTIFIER=Intel64 Family 6 Model 58 Stepping 9, GenuineIntel



---------------  S Y S T E M  ---------------

OS: Windows 7 , 64 bit Build 7601 Service Pack 1

CPU:total 4 (2 cores per cpu, 2 threads per core) family 6 model 58 stepping 9, cmov, cx8, fxsr, mmx, sse, sse2, sse3, ssse3, sse4.1, sse4.2, popcnt, avx, aes, erms, ht, tsc, tscinvbit, tscinv

Memory: 4k page, physical 4094316k(1043064k free), swap 8186768k(4124848k free)

vm_info: Java HotSpot(TM) Client VM (24.79-b02) for windows-x86 JRE (1.7.0_79-b15), built on Apr 10 2015 16:49:13 by "java_re" with unknown MS VC++:1600

time: Sat Nov 12 18:32:58 2016
elapsed time: 7 seconds

